<?xml version="1.0" encoding="UTF-8" standalone="no"?>
<testsuite errors="0" failures="1" name="io.cucumber.core.plugin.JUnitFormatter" skipped="0" tests="1" time="21.456">
<testcase classname="anasayfabutonlar" name="Anasafya butun butonlar" time="21.227">
<failure message="no such element: Unable to locate element: {&quot;method&quot;:&quot;xpath&quot;,&quot;selector&quot;:&quot;//a[text()=' Kurumsal Giriş ']&quot;}&#10;  (Session info: chrome=98.0.4758.102)&#10;For documentation on this error, please visit: https://selenium.dev/exceptions/#no_such_element&#10;Build info: version: '4.1.2', revision: '9a5a329c5a'&#10;System info: host: 'DESKTOP-9ONR3K3', ip: '192.168.1.5', os.name: 'Windows 10', os.arch: 'amd64', os.version: '10.0', java.version: '1.8.0_312'&#10;Driver info: org.openqa.selenium.chrome.ChromeDriver&#10;Command: [099127c56d127394aa4ad33f9d5e9056, findElement {using=xpath, value=//a[text()=' Kurumsal Giriş ']}]&#10;Capabilities {acceptInsecureCerts: false, browserName: chrome, browserVersion: 98.0.4758.102, chrome: {chromedriverVersion: 98.0.4758.102 (273bf7ac8c90..., userDataDir: C:\Users\Mehmet\AppData\Loc...}, goog:chromeOptions: {debuggerAddress: localhost:7431}, javascriptEnabled: true, networkConnectionEnabled: false, pageLoadStrategy: normal, platform: WINDOWS, platformName: WINDOWS, proxy: Proxy(), se:cdp: ws://localhost:7431/devtool..., se:cdpVersion: 98.0.4758.102, setWindowRect: true, strictFileInteractability: false, timeouts: {implicit: 0, pageLoad: 300000, script: 30000}, unhandledPromptBehavior: dismiss and notify, webauthn:extension:credBlob: true, webauthn:extension:largeBlob: true, webauthn:virtualAuthenticators: true}&#10;Session ID: 099127c56d127394aa4ad33f9d5e9056" type="org.openqa.selenium.NoSuchElementException"><![CDATA[Given kullanici anasayfaya gider............................................passed
And kullanici kurumsal giris tiklar.........................................failed
Then kurumsal giris test edilir.............................................skipped
And kullanici bireysel girisi tiklar........................................skipped
And kullanici cep telefonunu girer..........................................skipped
And kullanici sifre girer...................................................skipped
And kullanici giris yap tiklar..............................................skipped
And kullanici otp kodu girer................................................skipped
And giris yap test edilir...................................................skipped
And kullanici cikis yapar...................................................skipped
Then kullanici uye ol tiklar................................................skipped
And uye ol test edilir......................................................skipped
And Kullanici anasayfaya geri doner.........................................skipped
Then kullanici sifremi unuttum tiklar.......................................skipped
And sifremi unuttum test edilir.............................................skipped
And Kullanici anasayfaya geri doner.........................................skipped
Then kullanici sayfayi kapatir..............................................skipped

StackTrace:
org.openqa.selenium.NoSuchElementException: no such element: Unable to locate element: {"method":"xpath","selector":"//a[text()=' Kurumsal Giriş ']"}
  (Session info: chrome=98.0.4758.102)
For documentation on this error, please visit: https://selenium.dev/exceptions/#no_such_element
Build info: version: '4.1.2', revision: '9a5a329c5a'
System info: host: 'DESKTOP-9ONR3K3', ip: '192.168.1.5', os.name: 'Windows 10', os.arch: 'amd64', os.version: '10.0', java.version: '1.8.0_312'
Driver info: org.openqa.selenium.chrome.ChromeDriver
Command: [099127c56d127394aa4ad33f9d5e9056, findElement {using=xpath, value=//a[text()=' Kurumsal Giriş ']}]
Capabilities {acceptInsecureCerts: false, browserName: chrome, browserVersion: 98.0.4758.102, chrome: {chromedriverVersion: 98.0.4758.102 (273bf7ac8c90..., userDataDir: C:\Users\Mehmet\AppData\Loc...}, goog:chromeOptions: {debuggerAddress: localhost:7431}, javascriptEnabled: true, networkConnectionEnabled: false, pageLoadStrategy: normal, platform: WINDOWS, platformName: WINDOWS, proxy: Proxy(), se:cdp: ws://localhost:7431/devtool..., se:cdpVersion: 98.0.4758.102, setWindowRect: true, strictFileInteractability: false, timeouts: {implicit: 0, pageLoad: 300000, script: 30000}, unhandledPromptBehavior: dismiss and notify, webauthn:extension:credBlob: true, webauthn:extension:largeBlob: true, webauthn:virtualAuthenticators: true}
Session ID: 099127c56d127394aa4ad33f9d5e9056
	at sun.reflect.NativeConstructorAccessorImpl.newInstance0(Native Method)
	at sun.reflect.NativeConstructorAccessorImpl.newInstance(NativeConstructorAccessorImpl.java:62)
	at sun.reflect.DelegatingConstructorAccessorImpl.newInstance(DelegatingConstructorAccessorImpl.java:45)
	at java.lang.reflect.Constructor.newInstance(Constructor.java:423)
	at org.openqa.selenium.remote.codec.w3c.W3CHttpResponseCodec.createException(W3CHttpResponseCodec.java:200)
	at org.openqa.selenium.remote.codec.w3c.W3CHttpResponseCodec.decode(W3CHttpResponseCodec.java:133)
	at org.openqa.selenium.remote.codec.w3c.W3CHttpResponseCodec.decode(W3CHttpResponseCodec.java:53)
	at org.openqa.selenium.remote.HttpCommandExecutor.execute(HttpCommandExecutor.java:184)
	at org.openqa.selenium.remote.service.DriverCommandExecutor.invokeExecute(DriverCommandExecutor.java:167)
	at org.openqa.selenium.remote.service.DriverCommandExecutor.execute(DriverCommandExecutor.java:142)
	at org.openqa.selenium.remote.RemoteWebDriver.execute(RemoteWebDriver.java:543)
	at org.openqa.selenium.remote.ElementLocation$ElementFinder$2.findElement(ElementLocation.java:162)
	at org.openqa.selenium.remote.ElementLocation.findElement(ElementLocation.java:60)
	at org.openqa.selenium.remote.RemoteWebDriver.findElement(RemoteWebDriver.java:367)
	at org.openqa.selenium.remote.RemoteWebDriver.findElement(RemoteWebDriver.java:359)
	at org.openqa.selenium.support.pagefactory.DefaultElementLocator.findElement(DefaultElementLocator.java:70)
	at org.openqa.selenium.support.pagefactory.internal.LocatingElementHandler.invoke(LocatingElementHandler.java:39)
	at com.sun.proxy.$Proxy20.click(Unknown Source)
	at stepdefinitions.AnaSayfaButonlar.kullaniciKurumsalGirisTiklar(AnaSayfaButonlar.java:20)
	at ✽.kullanici kurumsal giris tiklar(file:///C:/Users/Mehmet/Desktop/tttteee-master/src/test/resources/features/anasayfabutonlar.feature:8)
]]></failure>
</testcase>
</testsuite>
